<?xml version="1.0" encoding="UTF-8"?>
<testng-results skipped="0" failed="1" total="3" passed="2">
  <reporter-output>
  </reporter-output>
  <suite name="Default suite" duration-ms="80809" started-at="2016-10-28T06:14:02Z" finished-at="2016-10-28T06:15:22Z">
    <groups>
    </groups>
    <test name="Default test" duration-ms="80809" started-at="2016-10-28T06:14:02Z" finished-at="2016-10-28T06:15:22Z">
      <class name="com.selenium.project.test.IRCTCLoginTest">
        <test-method status="PASS" signature="testIRCTC(java.lang.String, java.lang.String)[pri:0, instance:com.selenium.project.test.IRCTCLoginTest@cc285f4]" name="testIRCTC" duration-ms="27047" started-at="2016-10-28T11:44:02Z" data-provider="dp" finished-at="2016-10-28T11:44:30Z">
          <params>
            <param index="0">
              <value>
                <![CDATA[Jaipur]]>
              </value>
            </param>
            <param index="1">
              <value>
                <![CDATA[Delhi]]>
              </value>
            </param>
          </params>
          <reporter-output>
          </reporter-output>
        </test-method> <!-- testIRCTC -->
        <test-method status="PASS" signature="AfterMethod()[pri:0, instance:com.selenium.project.test.IRCTCLoginTest@cc285f4]" name="AfterMethod" is-config="true" duration-ms="613" started-at="2016-10-28T11:44:30Z" finished-at="2016-10-28T11:44:30Z">
          <reporter-output>
          </reporter-output>
        </test-method> <!-- AfterMethod -->
        <test-method status="PASS" signature="testIRCTC(java.lang.String, java.lang.String)[pri:0, instance:com.selenium.project.test.IRCTCLoginTest@cc285f4]" name="testIRCTC" duration-ms="25084" started-at="2016-10-28T11:44:30Z" data-provider="dp" finished-at="2016-10-28T11:44:55Z">
          <params>
            <param index="0">
              <value>
                <![CDATA[Jaipur]]>
              </value>
            </param>
            <param index="1">
              <value>
                <![CDATA[Mumbai]]>
              </value>
            </param>
          </params>
          <reporter-output>
          </reporter-output>
        </test-method> <!-- testIRCTC -->
        <test-method status="PASS" signature="AfterMethod()[pri:0, instance:com.selenium.project.test.IRCTCLoginTest@cc285f4]" name="AfterMethod" is-config="true" duration-ms="498" started-at="2016-10-28T11:44:55Z" finished-at="2016-10-28T11:44:56Z">
          <reporter-output>
          </reporter-output>
        </test-method> <!-- AfterMethod -->
        <test-method status="FAIL" signature="testIRCTC(java.lang.String, java.lang.String)[pri:0, instance:com.selenium.project.test.IRCTCLoginTest@cc285f4]" name="testIRCTC" duration-ms="24792" started-at="2016-10-28T11:44:56Z" data-provider="dp" finished-at="2016-10-28T11:45:21Z">
          <params>
            <param index="0">
              <value>
                <![CDATA[Mumbai]]>
              </value>
            </param>
            <param index="1">
              <value>
                <![CDATA[Delhi]]>
              </value>
            </param>
          </params>
          <exception class="java.lang.AssertionError">
            <message>
              <![CDATA[expected [true] but found [false]]]>
            </message>
            <full-stacktrace>
              <![CDATA[java.lang.AssertionError: expected [true] but found [false]
	at org.testng.Assert.fail(Assert.java:94)
	at org.testng.Assert.failNotEquals(Assert.java:496)
	at org.testng.Assert.assertTrue(Assert.java:42)
	at org.testng.Assert.assertTrue(Assert.java:52)
	at com.selenium.project.test.IRCTCLoginTest.testIRCTC(IRCTCLoginTest.java:54)
	at sun.reflect.NativeMethodAccessorImpl.invoke0(Native Method)
	at sun.reflect.NativeMethodAccessorImpl.invoke(Unknown Source)
	at sun.reflect.DelegatingMethodAccessorImpl.invoke(Unknown Source)
	at java.lang.reflect.Method.invoke(Unknown Source)
	at org.testng.internal.MethodInvocationHelper.invokeMethod(MethodInvocationHelper.java:85)
	at org.testng.internal.Invoker.invokeMethod(Invoker.java:639)
	at org.testng.internal.Invoker.invokeTestMethod(Invoker.java:821)
	at org.testng.internal.Invoker.invokeTestMethods(Invoker.java:1131)
	at org.testng.internal.TestMethodWorker.invokeTestMethods(TestMethodWorker.java:124)
	at org.testng.internal.TestMethodWorker.run(TestMethodWorker.java:108)
	at org.testng.TestRunner.privateRun(TestRunner.java:773)
	at org.testng.TestRunner.run(TestRunner.java:623)
	at org.testng.SuiteRunner.runTest(SuiteRunner.java:357)
	at org.testng.SuiteRunner.runSequentially(SuiteRunner.java:352)
	at org.testng.SuiteRunner.privateRun(SuiteRunner.java:310)
	at org.testng.SuiteRunner.run(SuiteRunner.java:259)
	at org.testng.SuiteRunnerWorker.runSuite(SuiteRunnerWorker.java:52)
	at org.testng.SuiteRunnerWorker.run(SuiteRunnerWorker.java:86)
	at org.testng.TestNG.runSuitesSequentially(TestNG.java:1185)
	at org.testng.TestNG.runSuitesLocally(TestNG.java:1110)
	at org.testng.TestNG.run(TestNG.java:1018)
	at org.testng.remote.AbstractRemoteTestNG.run(AbstractRemoteTestNG.java:132)
	at org.testng.remote.RemoteTestNG.initAndRun(RemoteTestNG.java:236)
	at org.testng.remote.RemoteTestNG.main(RemoteTestNG.java:81)
]]>
            </full-stacktrace>
          </exception> <!-- java.lang.AssertionError -->
          <reporter-output>
          </reporter-output>
        </test-method> <!-- testIRCTC -->
        <test-method status="PASS" signature="AfterMethod()[pri:0, instance:com.selenium.project.test.IRCTCLoginTest@cc285f4]" name="AfterMethod" is-config="true" duration-ms="463" started-at="2016-10-28T11:45:22Z" finished-at="2016-10-28T11:45:22Z">
          <reporter-output>
          </reporter-output>
        </test-method> <!-- AfterMethod -->
      </class> <!-- com.selenium.project.test.IRCTCLoginTest -->
    </test> <!-- Default test -->
  </suite> <!-- Default suite -->
</testng-results>
